<?xml version="1.0" encoding="UTF-8"?>
<!-- Generated by org.testng.reporters.JUnitReportReporter -->
<testsuite hostname="DESKTOP-H0QBEHU" failures="0" tests="1" name="TestExpedia.TestExpediaPage" time="27.281" errors="0" timestamp="2022-06-13T00:46:22 CDT" skipped="0">
  <testcase classname="TestExpedia.TestExpediaPage" name="f" time="27.281"/>
  <system-out/>
</testsuite> <!-- TestExpedia.TestExpediaPage -->
