<?xml version="1.0" encoding="UTF-8"?>
<!-- Generated by org.testng.reporters.JUnitReportReporter -->
<testsuite hostname="DESKTOP-H0QBEHU" failures="0" tests="1" name="TestAmazon.TestAmason" time="35.869" errors="0" timestamp="2022-06-09T15:48:32 CDT" skipped="0">
  <testcase classname="TestAmazon.TestAmason" name="f" time="35.869"/>
  <system-out/>
</testsuite> <!-- TestAmazon.TestAmason -->
